<?xml version="1.0" encoding="UTF-8"?>
<!-- Generated by org.testng.reporters.JUnitXMLReporter -->
<testsuite hostname="700bikedeMacBook-Air.local" name="Default test" tests="8" failures="0" timestamp="18 Jan 2016 02:45:02 GMT" time="0.08" errors="0">
  <testcase name="isEmpty" time="0.016" classname="lesson2.StringUtilsTest"/>
  <testcase name="trim" time="0.001" classname="lesson2.StringUtilsTest"/>
  <testcase name="testCase1" time="0.001" classname="lesson2.TestngAnnotation"/>
  <testcase name="testCase2" time="0.001" classname="lesson2.TestngAnnotation"/>
  <testcase name="testException" time="0.0" classname="lesson2.ExceptionTest"/>
  <testcase name="TestNgLearn" time="0.001" classname="lesson2.TestNGlearn01"/>
  <testcase name="testLogin" time="0.001" classname="lesson2.GroupTest"/>
  <testcase name="testOpenPage" time="0.001" classname="lesson2.GroupTest"/>
</testsuite> <!-- Default test -->
