<?xml version="1.0" encoding="UTF-8"?>
<!-- Generated by org.testng.reporters.JUnitXMLReporter -->
<testsuite hostname="700bikedeMacBook-Air.local" name="Test" tests="2" failures="1" timestamp="17 Jan 2016 11:13:36 GMT" time="14.7" errors="0">
  <testcase name="helloWorld" time="8.225" classname="lesson3.TestHelloWorldTestNG_Fail">
    <failure type="java.lang.AssertionError" message="expected:&amp;lt;百度一下，你就知道&amp;gt; but was:&amp;lt;Glen_百度&amp;gt;">
      <![CDATA[java.lang.AssertionError: expected:<百度一下，你就知道> but was:<Glen_百度>
	at lesson3.TestHelloWorldTestNG_Fail.helloWorld(TestHelloWorldTestNG_Fail.java:38)
... Removed 26 stack frames]]>
    </failure>
  </testcase> <!-- helloWorld -->
  <testcase name="helloWorld" time="5.9" classname="lesson3.TestHelloWorldTestNG"/>
</testsuite> <!-- Test -->
