<?xml version="1.0" encoding="UTF-8"?>
<!-- Generated by org.testng.reporters.JUnitXMLReporter -->
<testsuite hostname="localhost" name="Test" tests="6" failures="0" timestamp="29 Jan 2016 09:45:15 GMT" time="0.072" errors="0">
  <testcase name="ParaTest" time="0.023" classname="lesson13.ParameterizedTest1"/>
  <testcase name="setupEnv" time="0.001" classname="lesson13.DependsTest"/>
  <testcase name="testMessage" time="0.001" classname="lesson13.DependsTest"/>
  <testcase name="verifyUser" time="0.002" classname="lesson13.DataProviderLearn"/>
  <testcase name="verifyUser" time="0.001" classname="lesson13.DataProviderLearn"/>
  <testcase name="verifyUser" time="0.0" classname="lesson13.DataProviderLearn"/>
</testsuite> <!-- Test -->
