<?xml version="1.0" encoding="UTF-8"?>
<!-- Generated by org.testng.reporters.JUnitXMLReporter -->
<testsuite hostname="localhost" name="test1" tests="6" failures="0" timestamp="31 Jan 2016 07:27:11 GMT" time="0.067" errors="0">
  <testcase name="testPrimeNumberChecker" time="0.012" classname="lesson14.ParamTestWithDataProvider1"/>
  <testcase name="testPrimeNumberChecker" time="0.001" classname="lesson14.ParamTestWithDataProvider1"/>
  <testcase name="testPrimeNumberChecker" time="0.001" classname="lesson14.ParamTestWithDataProvider1"/>
  <testcase name="testPrimeNumberChecker" time="0.0" classname="lesson14.ParamTestWithDataProvider1"/>
  <testcase name="testPrimeNumberChecker" time="0.0" classname="lesson14.ParamTestWithDataProvider1"/>
  <testcase name="testMethod" time="0.001" classname="lesson14.ParamTestWithDataProvider2"/>
</testsuite> <!-- test1 -->
