<?xml version="1.0" encoding="UTF-8"?>
<!-- Generated by org.testng.reporters.JUnitXMLReporter -->
<testsuite hostname="localhost" name="test1" tests="1" failures="1" timestamp="18 Jan 2016 09:17:05 GMT" time="0.07" errors="0">
  <testcase name="testSalutationMessageandtestPrintMessage" time="0.024" classname="lesson6.IgnoreTest">
    <failure type="java.lang.AssertionError" message="expected [Hi!Manisha] but found [Hello!Manisha]">
      <![CDATA[java.lang.AssertionError: expected [Hi!Manisha] but found [Hello!Manisha]
	at lesson6.IgnoreTest.testSalutationMessageandtestPrintMessage(IgnoreTest.java:28)
... Removed 29 stack frames]]>
    </failure>
  </testcase> <!-- testSalutationMessageandtestPrintMessage -->
</testsuite> <!-- test1 -->
